Bolton Valley,Burlington,vermont,2017-11-15,2017-11-15,http://www.skiresort.info/typo3temp/_processed_/8f/f5/56/6a/14d5237968.jpg,3.4,3.85
Mt. Baker,Glacier,washington,2017-11-16,2018-04-15,http://www.skiresort.info/typo3temp/_processed_/e0/0f/fb/b3/fa31b405d7.jpg,3.4,5.59
Okemo,Ludlow,vermont,2017-11-11,2018-04-08,http://www.skiresort.info/typo3temp/_processed_/31/1f/f3/30/006611f2d4.jpg,3.5,5.31
Brighton,Sandy,california,2017-11-15,2017-11-15,http://www.skiresort.info/typo3temp/_processed_/d3/3f/f1/19/2f1af04c9b.jpg,3.5,7.3
Purgatory – Durango,Durango,colorado,2017-11-15,2017-11-15,http://www.skiresort.info/typo3temp/_processed_/50/03/3d/dd/439f416296.jpg,3.5,6.03
Wolf Creek,Pagosa Springs,colorado,2017-11-11,2018-04-01,http://www.skiresort.info/typo3temp/_processed_/e1/14/4b/b5/9508da3697.jpg,3.5,6.45
Sunday River,Sunday River,maine,2017-11-11,2018-05-01,http://www.skiresort.info/typo3temp/_processed_/6c/cf/f9/9c/cbe227c0b6.jpg,3.5,4.41
Angel Fire,Angel Fire,new mexico,2017-11-15,2017-11-15,http://www.skiresort.info/typo3temp/_processed_/c1/13/31/13/80fb630aa1.gif,3.5,3.29
Whitefish Mountain Resort,Whitefish,montana,2017-12-07,2018-04-08,http://www.skiresort.info/typo3temp/_processed_/ca/a2/2e/e1/f977dd0595.jpg,3.5,5.7
Sugar Bowl,Truckee,california,2017-11-15,2017-11-15,http://www.skiresort.info/typo3temp/_processed_/ac/c6/6c/cf/e1f5a52c3a.jpg,3.5,6.22
Aspen Mountain,Aspen,california,2017-11-23,2018-04-15,http://www.skiresort.info/typo3temp/_processed_/f0/01/1a/a0/a6fb668ea3.jpg,3.5,7.6
Taos,Taos Ski Valley,new mexico,2017-11-23,2018-04-01,http://www.skiresort.info/typo3temp/_processed_/2a/a6/6c/ce/15ec7bd6dd.jpg,3.5,6.59
Wenatchee – Mission Ridge,Wenatchee,washington,2017-11-15,2017-11-15,http://www.skiresort.info/typo3temp/_processed_/00/01/10/0e/50329b6dc5.jpg,3.5,6.1
Sugarbush,Warren,vermont,2017-11-15,2017-11-15,http://www.skiresort.info/typo3temp/_processed_/14/4f/fe/e6/0e00a06513.jpg,3.6,5.9
Stratton,Stratton Mountain,vermont,2017-11-15,2017-11-15,http://www.skiresort.info/typo3temp/_processed_/aa/ab/be/e9/0d3640e157.jpg,3.6,3.05
Mt. Rose,Reno,california,2017-10-28,2018-05-01,http://www.skiresort.info/typo3temp/_processed_/6e/e7/77/79/58f282ad04.jpg,3.6,6.7
Schweitzer Mountain Resort,Sandpoint,idaho,2017-11-18,2018-04-08,http://www.skiresort.info/typo3temp/_processed_/57/78/8d/d7/912d436562.jpg,3.6,6.01
Mt. Hood Meadows,Government Camp,oregon,2017-11-18,2018-05-06,http://www.skiresort.info/typo3temp/_processed_/4f/fa/a3/35/19159d4c12.jpg,3.6,6.15
Arapahoe Basin,Keystone,colorado,2017-10-13,2018-06-10,http://www.skiresort.info/typo3temp/_processed_/af/fe/eb/b8/508eb17437.jpg,3.6,5.38
Bald Mountain – Sun Valley,"At the ski lift: Roundhouse Express Gondola, Ketchum, ID",idaho,2017-11-15,2017-11-15,http://www.skiresort.info/typo3temp/_processed_/31/1f/f0/08/a25da5fc75.jpg,3.6,4.38
Snowbird,Snowbird Lodge,california,2017-11-22,2018-05-27,http://www.skiresort.info/typo3temp/_processed_/11/19/9e/ea/4e5ba7c925.jpg,3.7,5.81
Sugarloaf,Carrabassett,maine,2017-11-12,2018-05-01,http://www.skiresort.info/typo3temp/_processed_/71/19/97/77/7d11bafcf7.jpg,3.7,6.14
Deer Valley,Park City,california,2017-12-02,2018-04-08,http://www.skiresort.info/typo3temp/_processed_/73/39/92/25/836ddd9109.jpg,3.7,5.52
Yellowstone Club,Big Sky,montana,2017-11-15,2017-11-15,http://www.skiresort.info/typo3temp/_processed_/11/13/3d/de/ab3bdc2224.jpg,3.7,4.73
Northstar California Resort,Truckee,california,2017-12-01,2018-04-15,http://www.skiresort.info/typo3temp/_processed_/17/7b/bc/c6/f91e387345.jpg,3.7,5.36
Whiteface – Lake Placid,Lake Placid,california,2017-11-18,2018-04-08,http://www.skiresort.info/typo3temp/_processed_/2a/a0/02/29/bfd741f311.jpg,3.7,6.05
Powder Mountain,Eden,utah,2017-12-26,2018-04-15,http://www.skiresort.info/typo3temp/_processed_/f4/45/5f/f2/8665ead586.jpg,3.7,6.17
Mt. Bachelor,Bend,oregon,2017-11-18,2018-05-27,http://www.skiresort.info/typo3temp/_processed_/ab/be/e3/30/bc7f83f9c5.jpg,3.7,7.4
Crested Butte,Mount Crested Butte,colorado,2017-11-15,2017-11-15,http://www.skiresort.info/typo3temp/_processed_/86/6a/ac/c1/56b829bab5.jpg,3.7,5.17
Jackson Hole,Teton Village,wyoming,2017-11-24,2018-04-08,http://www.skiresort.info/typo3temp/_processed_/a7/77/72/23/29bbb84cdf.jpg,3.7,6.59
Buttermilk Mountain,Aspen,california,2017-12-09,2018-04-08,http://www.skiresort.info/typo3temp/_processed_/98/8e/ec/c2/e987edcd2f.jpg,3.7,4.9
Alta,Alta,california,2017-12-02,2018-04-15,http://www.skiresort.info/typo3temp/_processed_/83/3d/db/b2/63fe41d744.jpg,3.7,5.75
Copper Mountain,Frisco,colorado,2017-11-10,2018-04-08,http://www.skiresort.info/typo3temp/_processed_/78/86/6b/ba/010b9ba72c.jpg,3.8,6.24
Killington,Killington,vermont,2017-11-08,2018-05-20,http://www.skiresort.info/typo3temp/_processed_/0e/e1/16/62/dd7dc754f2.jpg,3.8,5.6
Alpine Meadows,Tahoe City,california,2017-11-18,2018-05-06,http://www.skiresort.info/typo3temp/_processed_/7d/db/bd/dd/8f11458956.jpg,3.8,5.75
Aspen Highlands,Highlands Village,california,2017-12-16,2018-04-08,http://www.skiresort.info/typo3temp/_processed_/0a/a7/78/85/82eefda880.jpg,3.9,6.88
Big Sky Resort,Big Sky Mountain Village,montana,2017-11-23,2018-04-15,http://www.skiresort.info/typo3temp/_processed_/24/42/22/23/4eaa088ec8.jpg,3.9,6.62
Park City,Park City,california,2017-11-23,2018-04-08,http://www.skiresort.info/typo3temp/_processed_/f6/69/91/15/df03d49d7d.jpg,3.9,5.96
Steamboat,Steamboat Springs,colorado,2017-11-22,2018-04-08,http://www.skiresort.info/typo3temp/_processed_/06/62/21/1f/32fa616e28.jpg,3.9,5.75
Squaw Valley,Olympic Valley,california,2017-11-17,2018-06-24,http://www.skiresort.info/typo3temp/_processed_/54/49/9b/bb/64b47dbcd9.jpg,4.0,5.5
Heavenly,Heavenly Village,california,2017-11-17,2018-04-15,http://www.skiresort.info/typo3temp/_processed_/e4/4d/d6/63/ebfc18cd33.jpg,4.2,6.04
Winter Park Resort,Winter Park,colorado,2017-11-15,2018-04-29,http://www.skiresort.info/typo3temp/_processed_/29/9f/f7/72/99c0a3d783.jpg,4.2,7.43
Stowe,Stowe,vermont,2017-11-17,2018-04-22,http://www.skiresort.info/typo3temp/_processed_/e9/94/43/37/b8ee5ba00c.jpg,4.2,4.39
Keystone,Keystone,colorado,2017-11-10,2018-04-08,http://www.skiresort.info/typo3temp/_processed_/8f/f4/44/43/71d8933c37.jpg,4.3,5.89
Breckenridge,Breckenridge,colorado,2017-11-10,2018-04-15,http://www.skiresort.info/typo3temp/_processed_/07/75/5f/f2/e4e45998e6.jpg,4.3,6.43
Mammoth Mountain,Mammoth Lakes,california,2017-11-09,2018-05-27,http://www.skiresort.info/typo3temp/_processed_/ae/e6/6d/d2/33aa9a5cdb.jpg,4.4,5.5
Snowmass,Snowmass Village,california,2017-11-23,2018-04-15,http://www.skiresort.info/typo3temp/_processed_/3a/ad/d4/4b/c9edb7bb22.jpg,4.4,7.11
Beaver Creek,Beaver Creek,colorado,2017-11-22,2018-04-15,http://www.skiresort.info/typo3temp/_processed_/ff/f1/1e/e2/1910ee9de5.jpg,4.5,6.14
Telluride,Mountain Village,colorado,2017-12-07,2018-04-08,http://www.skiresort.info/typo3temp/_processed_/48/84/47/75/dcf283c6a5.jpg,4.5,6.38
Vail,Vail,colorado,2017-11-22,2018-04-15,http://www.skiresort.info/typo3temp/_processed_/30/07/79/98/78107ab59b.jpg,4.6,6.04
